2021-09-14 16:04:48.909 -05:00 [INF] Now listening on: https://localhost:5002
2021-09-14 16:04:48.993 -05:00 [INF] Now listening on: http://localhost:5003
2021-09-14 16:04:48.996 -05:00 [INF] Application started. Press Ctrl+C to shut down.
2021-09-14 16:04:48.998 -05:00 [INF] Hosting environment: Development
2021-09-14 16:04:49.000 -05:00 [INF] Content root path: C:\Users\emerson.quinchia\Desktop\Ejemplo .Net\Microservice1\Microservice1\Microservice1\Microservice1.Api
2021-09-14 16:04:50.052 -05:00 [INF] Request starting HTTP/2 GET https://localhost:5002/swagger  
2021-09-14 16:04:50.152 -05:00 [INF] Request finished in 107.6957ms 302 
2021-09-14 16:04:50.186 -05:00 [INF] Request starting HTTP/2 GET https://localhost:5002/swagger/index.html  
2021-09-14 16:04:50.458 -05:00 [INF] Request finished in 272.2036ms 200 text/html; charset=utf-8
2021-09-14 16:04:50.507 -05:00 [INF] Request starting HTTP/2 GET https://localhost:5002/swagger/swagger-ui.css  
2021-09-14 16:04:50.507 -05:00 [INF] Request starting HTTP/2 GET https://localhost:5002/swagger/swagger-ui-bundle.js  
2021-09-14 16:04:50.508 -05:00 [INF] Request starting HTTP/2 GET https://localhost:5002/swagger/swagger-ui-standalone-preset.js  
2021-09-14 16:04:50.604 -05:00 [INF] Sending file. Request path: '/swagger-ui.css'. Physical path: 'N/A'
2021-09-14 16:04:50.604 -05:00 [INF] Sending file. Request path: '/swagger-ui-standalone-preset.js'. Physical path: 'N/A'
2021-09-14 16:04:50.611 -05:00 [INF] Sending file. Request path: '/swagger-ui-bundle.js'. Physical path: 'N/A'
2021-09-14 16:04:50.618 -05:00 [INF] Request finished in 110.2965ms 200 application/javascript
2021-09-14 16:04:50.618 -05:00 [INF] Request finished in 111.2558ms 200 text/css
2021-09-14 16:04:50.618 -05:00 [INF] Request finished in 111.2944ms 200 application/javascript
2021-09-14 16:04:50.910 -05:00 [INF] Request starting HTTP/2 GET https://localhost:5002/swagger/v1/swagger.json  
2021-09-14 16:04:50.941 -05:00 [INF] Request starting HTTP/2 GET https://localhost:5002/swagger/favicon-32x32.png  
2021-09-14 16:04:50.944 -05:00 [INF] Sending file. Request path: '/favicon-32x32.png'. Physical path: 'N/A'
2021-09-14 16:04:50.947 -05:00 [INF] Request finished in 6.6925ms 200 image/png
2021-09-14 16:04:51.536 -05:00 [INF] Request finished in 626.6932ms 200 application/json; charset=utf-8
2021-09-14 16:05:03.703 -05:00 [INF] Request starting HTTP/2 POST https://localhost:5002/api/Person application/json 82
2021-09-14 16:05:03.712 -05:00 [INF] Executing endpoint 'Microservice1.Api.Controllers.PersonController.CreateUserAsync (Microservice1.Api)'
2021-09-14 16:05:03.750 -05:00 [INF] Route matched with {action = "CreateUser", controller = "Person"}. Executing controller action with signature System.Threading.Tasks.Task CreateUserAsync(Microservice1.Application.Person.CreatePersonCommandAsync) on controller Microservice1.Api.Controllers.PersonController (Microservice1.Api).
2021-09-14 16:05:04.588 -05:00 [INF] Entity Framework Core 3.1.1 initialized 'PersistenceContext' using provider 'Microsoft.EntityFrameworkCore.SqlServer' with options: MigrationsHistoryTable=mySchema._MigrationHistory 
2021-09-14 16:05:11.335 -05:00 [ERR] An error occurred using the connection to database 'TutorialDB05' on server '(localdb)\MSSQLLocalDB'.
2021-09-14 16:05:11.428 -05:00 [ERR] An exception occurred in the database while saving changes for context type 'Microservice1.Infrastructure.PersistenceContext'.
Microsoft.Data.SqlClient.SqlException (0x80131904): Cannot open database "TutorialDB05" requested by the login. The login failed.
Login failed for user 'CEIBA\emerson.quinchia'.
   at Microsoft.Data.SqlClient.SqlInternalConnectionTds..ctor(DbConnectionPoolIdentity identity, SqlConnectionString connectionOptions, SqlCredential credential, Object providerInfo, String newPassword, SecureString newSecurePassword, Boolean redirectedUserInstance, SqlConnectionString userConnectionOptions, SessionData reconnectSessionData, Boolean applyTransientFaultHandling, String accessToken, DbConnectionPool pool, SqlAuthenticationProviderManager sqlAuthProviderManager)
   at Microsoft.Data.SqlClient.SqlConnectionFactory.CreateConnection(DbConnectionOptions options, DbConnectionPoolKey poolKey, Object poolGroupProviderInfo, DbConnectionPool pool, DbConnection owningConnection, DbConnectionOptions userOptions)
   at Microsoft.Data.ProviderBase.DbConnectionFactory.CreatePooledConnection(DbConnectionPool pool, DbConnection owningObject, DbConnectionOptions options, DbConnectionPoolKey poolKey, DbConnectionOptions userOptions)
   at Microsoft.Data.ProviderBase.DbConnectionPool.CreateObject(DbConnection owningObject, DbConnectionOptions userOptions, DbConnectionInternal oldConnection)
   at Microsoft.Data.ProviderBase.DbConnectionPool.UserCreateRequest(DbConnection owningObject, DbConnectionOptions userOptions, DbConnectionInternal oldConnection)
   at Microsoft.Data.ProviderBase.DbConnectionPool.TryGetConnection(DbConnection owningObject, UInt32 waitForMultipleObjectsTimeout, Boolean allowCreate, Boolean onlyOneCheckConnection, DbConnectionOptions userOptions, DbConnectionInternal& connection)
   at Microsoft.Data.ProviderBase.DbConnectionPool.WaitForPendingOpen()
--- End of stack trace from previous location where exception was thrown ---
   at Microsoft.EntityFrameworkCore.Storage.RelationalConnection.OpenDbConnectionAsync(Boolean errorsExpected, CancellationToken cancellationToken)
   at Microsoft.EntityFrameworkCore.Storage.RelationalConnection.OpenDbConnectionAsync(Boolean errorsExpected, CancellationToken cancellationToken)
   at Microsoft.EntityFrameworkCore.Storage.RelationalConnection.OpenAsync(CancellationToken cancellationToken, Boolean errorsExpected)
   at Microsoft.EntityFrameworkCore.Storage.RelationalConnection.BeginTransactionAsync(IsolationLevel isolationLevel, CancellationToken cancellationToken)
   at Microsoft.EntityFrameworkCore.Storage.RelationalConnection.BeginTransactionAsync(CancellationToken cancellationToken)
   at Microsoft.EntityFrameworkCore.Update.Internal.BatchExecutor.ExecuteAsync(IEnumerable`1 commandBatches, IRelationalConnection connection, CancellationToken cancellationToken)
   at Microsoft.EntityFrameworkCore.Update.Internal.BatchExecutor.ExecuteAsync(IEnumerable`1 commandBatches, IRelationalConnection connection, CancellationToken cancellationToken)
   at Microsoft.EntityFrameworkCore.ChangeTracking.Internal.StateManager.SaveChangesAsync(IList`1 entriesToSave, CancellationToken cancellationToken)
   at Microsoft.EntityFrameworkCore.ChangeTracking.Internal.StateManager.SaveChangesAsync(DbContext _, Boolean acceptAllChangesOnSuccess, CancellationToken cancellationToken)
   at Microsoft.EntityFrameworkCore.SqlServer.Storage.Internal.SqlServerExecutionStrategy.ExecuteAsync[TState,TResult](TState state, Func`4 operation, Func`4 verifySucceeded, CancellationToken cancellationToken)
   at Microsoft.EntityFrameworkCore.DbContext.SaveChangesAsync(Boolean acceptAllChangesOnSuccess, CancellationToken cancellationToken)
ClientConnectionId:7dbe50e5-d3e2-4bb3-8707-0be83289a8e6
Error Number:4060,State:1,Class:11
Microsoft.Data.SqlClient.SqlException (0x80131904): Cannot open database "TutorialDB05" requested by the login. The login failed.
Login failed for user 'CEIBA\emerson.quinchia'.
   at Microsoft.Data.SqlClient.SqlInternalConnectionTds..ctor(DbConnectionPoolIdentity identity, SqlConnectionString connectionOptions, SqlCredential credential, Object providerInfo, String newPassword, SecureString newSecurePassword, Boolean redirectedUserInstance, SqlConnectionString userConnectionOptions, SessionData reconnectSessionData, Boolean applyTransientFaultHandling, String accessToken, DbConnectionPool pool, SqlAuthenticationProviderManager sqlAuthProviderManager)
   at Microsoft.Data.SqlClient.SqlConnectionFactory.CreateConnection(DbConnectionOptions options, DbConnectionPoolKey poolKey, Object poolGroupProviderInfo, DbConnectionPool pool, DbConnection owningConnection, DbConnectionOptions userOptions)
   at Microsoft.Data.ProviderBase.DbConnectionFactory.CreatePooledConnection(DbConnectionPool pool, DbConnection owningObject, DbConnectionOptions options, DbConnectionPoolKey poolKey, DbConnectionOptions userOptions)
   at Microsoft.Data.ProviderBase.DbConnectionPool.CreateObject(DbConnection owningObject, DbConnectionOptions userOptions, DbConnectionInternal oldConnection)
   at Microsoft.Data.ProviderBase.DbConnectionPool.UserCreateRequest(DbConnection owningObject, DbConnectionOptions userOptions, DbConnectionInternal oldConnection)
   at Microsoft.Data.ProviderBase.DbConnectionPool.TryGetConnection(DbConnection owningObject, UInt32 waitForMultipleObjectsTimeout, Boolean allowCreate, Boolean onlyOneCheckConnection, DbConnectionOptions userOptions, DbConnectionInternal& connection)
   at Microsoft.Data.ProviderBase.DbConnectionPool.WaitForPendingOpen()
--- End of stack trace from previous location where exception was thrown ---
   at Microsoft.EntityFrameworkCore.Storage.RelationalConnection.OpenDbConnectionAsync(Boolean errorsExpected, CancellationToken cancellationToken)
   at Microsoft.EntityFrameworkCore.Storage.RelationalConnection.OpenDbConnectionAsync(Boolean errorsExpected, CancellationToken cancellationToken)
   at Microsoft.EntityFrameworkCore.Storage.RelationalConnection.OpenAsync(CancellationToken cancellationToken, Boolean errorsExpected)
   at Microsoft.EntityFrameworkCore.Storage.RelationalConnection.BeginTransactionAsync(IsolationLevel isolationLevel, CancellationToken cancellationToken)
   at Microsoft.EntityFrameworkCore.Storage.RelationalConnection.BeginTransactionAsync(CancellationToken cancellationToken)
   at Microsoft.EntityFrameworkCore.Update.Internal.BatchExecutor.ExecuteAsync(IEnumerable`1 commandBatches, IRelationalConnection connection, CancellationToken cancellationToken)
   at Microsoft.EntityFrameworkCore.Update.Internal.BatchExecutor.ExecuteAsync(IEnumerable`1 commandBatches, IRelationalConnection connection, CancellationToken cancellationToken)
   at Microsoft.EntityFrameworkCore.ChangeTracking.Internal.StateManager.SaveChangesAsync(IList`1 entriesToSave, CancellationToken cancellationToken)
   at Microsoft.EntityFrameworkCore.ChangeTracking.Internal.StateManager.SaveChangesAsync(DbContext _, Boolean acceptAllChangesOnSuccess, CancellationToken cancellationToken)
   at Microsoft.EntityFrameworkCore.SqlServer.Storage.Internal.SqlServerExecutionStrategy.ExecuteAsync[TState,TResult](TState state, Func`4 operation, Func`4 verifySucceeded, CancellationToken cancellationToken)
   at Microsoft.EntityFrameworkCore.DbContext.SaveChangesAsync(Boolean acceptAllChangesOnSuccess, CancellationToken cancellationToken)
ClientConnectionId:7dbe50e5-d3e2-4bb3-8707-0be83289a8e6
Error Number:4060,State:1,Class:11
2021-09-14 16:05:12.039 -05:00 [ERR] Cannot open database "TutorialDB05" requested by the login. The login failed.
Login failed for user 'CEIBA\emerson.quinchia'.
Microsoft.Data.SqlClient.SqlException (0x80131904): Cannot open database "TutorialDB05" requested by the login. The login failed.
Login failed for user 'CEIBA\emerson.quinchia'.
   at Microsoft.Data.SqlClient.SqlInternalConnectionTds..ctor(DbConnectionPoolIdentity identity, SqlConnectionString connectionOptions, SqlCredential credential, Object providerInfo, String newPassword, SecureString newSecurePassword, Boolean redirectedUserInstance, SqlConnectionString userConnectionOptions, SessionData reconnectSessionData, Boolean applyTransientFaultHandling, String accessToken, DbConnectionPool pool, SqlAuthenticationProviderManager sqlAuthProviderManager)
   at Microsoft.Data.SqlClient.SqlConnectionFactory.CreateConnection(DbConnectionOptions options, DbConnectionPoolKey poolKey, Object poolGroupProviderInfo, DbConnectionPool pool, DbConnection owningConnection, DbConnectionOptions userOptions)
   at Microsoft.Data.ProviderBase.DbConnectionFactory.CreatePooledConnection(DbConnectionPool pool, DbConnection owningObject, DbConnectionOptions options, DbConnectionPoolKey poolKey, DbConnectionOptions userOptions)
   at Microsoft.Data.ProviderBase.DbConnectionPool.CreateObject(DbConnection owningObject, DbConnectionOptions userOptions, DbConnectionInternal oldConnection)
   at Microsoft.Data.ProviderBase.DbConnectionPool.UserCreateRequest(DbConnection owningObject, DbConnectionOptions userOptions, DbConnectionInternal oldConnection)
   at Microsoft.Data.ProviderBase.DbConnectionPool.TryGetConnection(DbConnection owningObject, UInt32 waitForMultipleObjectsTimeout, Boolean allowCreate, Boolean onlyOneCheckConnection, DbConnectionOptions userOptions, DbConnectionInternal& connection)
   at Microsoft.Data.ProviderBase.DbConnectionPool.WaitForPendingOpen()
--- End of stack trace from previous location where exception was thrown ---
   at Microsoft.EntityFrameworkCore.Storage.RelationalConnection.OpenDbConnectionAsync(Boolean errorsExpected, CancellationToken cancellationToken)
   at Microsoft.EntityFrameworkCore.Storage.RelationalConnection.OpenDbConnectionAsync(Boolean errorsExpected, CancellationToken cancellationToken)
   at Microsoft.EntityFrameworkCore.Storage.RelationalConnection.OpenAsync(CancellationToken cancellationToken, Boolean errorsExpected)
   at Microsoft.EntityFrameworkCore.Storage.RelationalConnection.BeginTransactionAsync(IsolationLevel isolationLevel, CancellationToken cancellationToken)
   at Microsoft.EntityFrameworkCore.Storage.RelationalConnection.BeginTransactionAsync(CancellationToken cancellationToken)
   at Microsoft.EntityFrameworkCore.Update.Internal.BatchExecutor.ExecuteAsync(IEnumerable`1 commandBatches, IRelationalConnection connection, CancellationToken cancellationToken)
   at Microsoft.EntityFrameworkCore.Update.Internal.BatchExecutor.ExecuteAsync(IEnumerable`1 commandBatches, IRelationalConnection connection, CancellationToken cancellationToken)
   at Microsoft.EntityFrameworkCore.ChangeTracking.Internal.StateManager.SaveChangesAsync(IList`1 entriesToSave, CancellationToken cancellationToken)
   at Microsoft.EntityFrameworkCore.ChangeTracking.Internal.StateManager.SaveChangesAsync(DbContext _, Boolean acceptAllChangesOnSuccess, CancellationToken cancellationToken)
   at Microsoft.EntityFrameworkCore.SqlServer.Storage.Internal.SqlServerExecutionStrategy.ExecuteAsync[TState,TResult](TState state, Func`4 operation, Func`4 verifySucceeded, CancellationToken cancellationToken)
   at Microsoft.EntityFrameworkCore.DbContext.SaveChangesAsync(Boolean acceptAllChangesOnSuccess, CancellationToken cancellationToken)
   at Microservice1.Infrastructure.PersistenceContext.CommitAsync() in C:\Users\emerson.quinchia\Desktop\Ejemplo .Net\Microservice1\Microservice1\Microservice1\Microservice1.Infrastructure\PersistenceContext.cs:line 24
   at Microservice1.Infrastructure.Adapters.GenericRepository`1.CommitAsync() in C:\Users\emerson.quinchia\Desktop\Ejemplo .Net\Microservice1\Microservice1\Microservice1\Microservice1.Infrastructure\Adapters\GenericRepository.cs:line 144
   at Microservice1.Infrastructure.Adapters.GenericRepository`1.AddAsync(E entity) in C:\Users\emerson.quinchia\Desktop\Ejemplo .Net\Microservice1\Microservice1\Microservice1\Microservice1.Infrastructure\Adapters\GenericRepository.cs:line 89
   at Microservice1.Domain.Services.PersonService.SavePersonAsync(Person p) in C:\Users\emerson.quinchia\Desktop\Ejemplo .Net\Microservice1\Microservice1\Microservice1\Microservice1.Domain\Services\PersonService.cs:line 41
   at Microservice1.Application.Person.PersonCommandHandlerAsync.Handle(CreatePersonCommandAsync request, CancellationToken cancellationToken) in C:\Users\emerson.quinchia\Desktop\Ejemplo .Net\Microservice1\Microservice1\Microservice1\Microservice1.Application\Handlers\PersonCommandHandlerAsync.cs:line 22
   at MediatR.AsyncRequestHandler`1.MediatR.IRequestHandler<TRequest,MediatR.Unit>.Handle(TRequest request, CancellationToken cancellationToken)
   at MediatR.Pipeline.RequestExceptionProcessorBehavior`2.Handle(TRequest request, CancellationToken cancellationToken, RequestHandlerDelegate`1 next)
   at MediatR.Pipeline.RequestExceptionProcessorBehavior`2.Handle(TRequest request, CancellationToken cancellationToken, RequestHandlerDelegate`1 next)
   at MediatR.Pipeline.RequestExceptionActionProcessorBehavior`2.Handle(TRequest request, CancellationToken cancellationToken, RequestHandlerDelegate`1 next)
   at MediatR.Pipeline.RequestExceptionActionProcessorBehavior`2.Handle(TRequest request, CancellationToken cancellationToken, RequestHandlerDelegate`1 next)
   at MediatR.Pipeline.RequestPostProcessorBehavior`2.Handle(TRequest request, CancellationToken cancellationToken, RequestHandlerDelegate`1 next)
   at MediatR.Pipeline.RequestPreProcessorBehavior`2.Handle(TRequest request, CancellationToken cancellationToken, RequestHandlerDelegate`1 next)
   at Microservice1.Api.Controllers.PersonController.CreateUserAsync(CreatePersonCommandAsync person) in C:\Users\emerson.quinchia\Desktop\Ejemplo .Net\Microservice1\Microservice1\Microservice1\Microservice1.Api\Controllers\PersonController.cs:line 39
   at lambda_method(Closure , Object )
   at Microsoft.Extensions.Internal.ObjectMethodExecutorAwaitable.Awaiter.GetResult()
   at Microsoft.AspNetCore.Mvc.Infrastructure.ActionMethodExecutor.AwaitableResultExecutor.Execute(IActionResultTypeMapper mapper, ObjectMethodExecutor executor, Object controller, Object[] arguments)
   at Microsoft.AspNetCore.Mvc.Infrastructure.ControllerActionInvoker.<InvokeActionMethodAsync>g__Awaited|12_0(ControllerActionInvoker invoker, ValueTask`1 actionResultValueTask)
   at Microsoft.AspNetCore.Mvc.Infrastructure.ControllerActionInvoker.<InvokeNextActionFilterAsync>g__Awaited|10_0(ControllerActionInvoker invoker, Task lastTask, State next, Scope scope, Object state, Boolean isCompleted)
   at Microsoft.AspNetCore.Mvc.Infrastructure.ControllerActionInvoker.Rethrow(ActionExecutedContextSealed context)
   at Microsoft.AspNetCore.Mvc.Infrastructure.ControllerActionInvoker.Next(State& next, Scope& scope, Object& state, Boolean& isCompleted)
   at Microsoft.AspNetCore.Mvc.Infrastructure.ControllerActionInvoker.<InvokeInnerFilterAsync>g__Awaited|13_0(ControllerActionInvoker invoker, Task lastTask, State next, Scope scope, Object state, Boolean isCompleted)
   at Microsoft.AspNetCore.Mvc.Infrastructure.ResourceInvoker.<InvokeNextExceptionFilterAsync>g__Awaited|25_0(ResourceInvoker invoker, Task lastTask, State next, Scope scope, Object state, Boolean isCompleted)
ClientConnectionId:7dbe50e5-d3e2-4bb3-8707-0be83289a8e6
Error Number:4060,State:1,Class:11
2021-09-14 16:05:12.090 -05:00 [INF] Executing ObjectResult, writing value of type '<>f__AnonymousType0`2[[System.String, System.Private.CoreLib, Version=4.0.0.0, Culture=neutral, PublicKeyToken=7cec85d7bea7798e],[System.String, System.Private.CoreLib, Version=4.0.0.0, Culture=neutral, PublicKeyToken=7cec85d7bea7798e]]'.
2021-09-14 16:05:12.107 -05:00 [INF] Executed action Microservice1.Api.Controllers.PersonController.CreateUserAsync (Microservice1.Api) in 8348.3227ms
2021-09-14 16:05:12.114 -05:00 [INF] Executed endpoint 'Microservice1.Api.Controllers.PersonController.CreateUserAsync (Microservice1.Api)'
2021-09-14 16:05:12.122 -05:00 [INF] Request finished in 8419.0374ms 500 application/json; charset=utf-8
